SF:./lib/src/dio_cache_interceptor.dart
DA:18,0
DA:28,0
DA:29,0
DA:30,0
DA:32,0
DA:35,0
DA:36,0
DA:37,0
DA:40,0
DA:41,0
DA:43,0
DA:44,0
DA:47,0
DA:49,0
DA:50,0
DA:54,0
DA:57,0
DA:61,0
DA:62,0
DA:63,0
DA:67,0
DA:68,0
DA:71,0
DA:72,0
DA:73,0
DA:77,0
DA:78,0
DA:79,0
DA:80,0
DA:81,0
DA:82,0
DA:83,0
DA:84,0
DA:89,0
DA:92,0
DA:96,0
DA:97,0
DA:98,0
DA:99,0
DA:103,0
DA:104,0
DA:107,0
DA:110,0
DA:111,0
DA:112,0
DA:113,0
DA:117,0
DA:120,0
DA:123,0
DA:124,0
DA:125,0
DA:127,0
DA:128,0
DA:129,0
DA:133,0
DA:134,0
DA:135,0
DA:137,0
DA:138,0
DA:141,0
DA:146,0
DA:148,0
DA:153,0
DA:154,0
DA:155,0
DA:156,0
DA:157,0
DA:165,0
DA:166,0
DA:169,0
DA:170,0
DA:171,0
DA:172,0
DA:173,0
DA:174,0
DA:175,0
DA:176,0
DA:177,0
DA:178,0
DA:182,0
DA:183,0
DA:186,0
DA:187,0
DA:190,0
DA:195,0
DA:197,0
DA:200,0
DA:202,0
DA:205,0
DA:207,0
DA:209,0
DA:213,0
DA:216,0
DA:220,0
DA:221,0
DA:222,0
DA:226,0
DA:230,0
DA:231,0
DA:232,0
DA:234,0
DA:235,0
DA:236,0
DA:240,0
DA:241,0
DA:242,0
DA:243,0
DA:246,0
DA:247,0
DA:253,0
DA:254,0
DA:255,0
DA:258,0
DA:259,0
DA:260,0
DA:262,0
DA:265,0
DA:266,0
DA:267,0
DA:269,0
LF:120
LH:0
end_of_record
SF:./lib/src/model/cache_control.dart
DA:22,0
DA:29,0
DA:31,1
DA:38,0
DA:40,0
DA:41,0
DA:43,0
DA:45,0
DA:47,0
DA:48,0
DA:50,0
DA:54,0
DA:64,0
DA:65,0
DA:66,0
DA:67,0
DA:68,0
DA:69,0
DA:70,0
DA:72,0
DA:80,0
DA:81,0
DA:85,0
DA:87,0
DA:93,0
DA:94,0
LF:26
LH:1
end_of_record
SF:./lib/src/model/cache_options.dart
DA:17,1
DA:20,1
DA:24,1
DA:31,1
DA:37,1
DA:42,1
DA:45,1
DA:91,0
DA:93,0
DA:104,0
DA:105,0
DA:106,0
DA:107,0
DA:110,0
DA:111,0
DA:114,0
DA:115,0
DA:118,0
DA:119,0
DA:122,0
DA:123,0
DA:126,0
DA:137,0
DA:138,0
DA:140,0
DA:141,0
DA:142,0
DA:143,0
DA:144,0
DA:145,0
DA:146,0
DA:147,0
DA:148,0
DA:151,0
DA:154,0
DA:155,0
DA:156,0
DA:157,0
DA:158,0
DA:159,0
DA:160,0
DA:161,0
LF:42
LH:7
end_of_record
SF:./lib/src/model/cache_priority.dart
DA:5,2
DA:7,1
DA:10,1
DA:13,1
DA:17,1
DA:18,3
LF:6
LH:6
end_of_record
SF:./lib/src/model/cache_response.dart
DA:55,1
DA:71,1
DA:72,1
DA:73,0
DA:79,0
DA:80,0
DA:82,0
DA:83,0
DA:85,0
DA:86,0
DA:87,0
LF:11
LH:3
end_of_record
SF:./lib/src/store/db_cache_store.dart
DA:47,0
DA:48,0
DA:52,0
DA:56,0
DA:59,0
DA:60,0
DA:62,0
DA:64,0
DA:67,0
DA:71,0
DA:72,0
DA:75,0
DA:76,0
DA:78,0
DA:81,0
DA:85,0
DA:86,0
DA:89,0
DA:90,0
DA:93,0
DA:96,0
DA:100,0
DA:101,0
DA:104,0
DA:105,0
DA:106,0
DA:108,0
DA:111,0
DA:114,0
DA:115,0
DA:116,0
DA:117,0
DA:121,0
DA:123,0
DA:124,0
DA:125,0
DA:126,0
DA:128,0
DA:129,0
DA:130,0
DA:132,0
DA:134,0
DA:136,0
DA:138,0
DA:139,0
DA:140,0
DA:144,0
DA:148,0
DA:149,0
DA:150,0
DA:153,0
DA:154,0
DA:155,0
DA:156,0
DA:158,0
DA:159,0
DA:160,0
DA:161,0
DA:163,0
DA:164,0
DA:165,0
DA:167,0
DA:168,0
DA:169,0
DA:170,0
DA:171,0
DA:175,0
DA:176,0
DA:177,0
DA:179,0
DA:180,0
DA:184,0
DA:188,0
DA:189,0
DA:192,0
DA:194,0
DA:195,0
DA:196,0
DA:197,0
DA:198,0
DA:199,0
DA:200,0
DA:201,0
DA:202,0
DA:203,0
DA:204,0
DA:205,0
DA:206,0
DA:213,0
DA:215,0
DA:217,0
DA:218,0
DA:222,0
DA:223,0
DA:224,0
DA:225,0
DA:227,0
DA:228,0
DA:230,0
DA:231,0
DA:233,0
DA:234,0
DA:235,0
DA:236,0
DA:238,0
DA:242,0
DA:245,0
DA:262,0
DA:265,0
DA:266,0
DA:267,0
DA:268,0
DA:269,0
LF:113
LH:0
end_of_record
SF:./lib/src/store/file_cache_store.dart
DA:18,1
DA:19,0
DA:20,1
DA:21,1
DA:24,1
DA:25,3
DA:26,4
DA:27,1
DA:36,1
DA:40,4
DA:41,3
DA:43,1
DA:46,2
DA:47,0
DA:51,2
DA:53,2
DA:58,1
DA:62,1
DA:63,2
DA:66,1
DA:68,2
DA:72,1
DA:73,1
DA:74,0
DA:76,2
DA:79,1
DA:81,0
DA:82,0
DA:83,0
DA:91,0
DA:92,0
DA:93,0
DA:94,0
DA:95,0
DA:96,0
DA:97,0
DA:104,1
DA:105,3
DA:107,1
DA:108,1
DA:109,4
DA:110,1
DA:114,2
DA:115,3
DA:118,1
DA:119,2
DA:122,1
DA:123,2
DA:124,2
DA:125,2
DA:126,2
DA:127,2
DA:128,3
DA:129,2
DA:130,3
DA:132,1
DA:133,3
DA:134,2
DA:135,1
DA:136,1
DA:137,1
DA:138,1
DA:139,1
DA:140,1
DA:141,1
DA:142,1
DA:143,1
DA:144,2
DA:145,3
DA:146,2
DA:147,3
DA:148,1
DA:149,1
DA:150,2
DA:151,1
DA:152,2
DA:153,1
DA:154,2
DA:158,1
DA:159,2
DA:163,1
DA:164,1
DA:165,2
DA:166,2
DA:170,2
DA:171,4
DA:173,1
DA:174,2
DA:176,5
DA:178,1
DA:179,2
DA:180,1
DA:182,1
DA:183,2
DA:185,1
DA:187,1
DA:188,2
DA:190,1
DA:192,1
DA:193,2
DA:195,5
DA:197,1
DA:198,2
DA:200,1
DA:202,1
DA:203,2
DA:205,5
DA:207,1
DA:208,2
DA:210,1
DA:212,1
DA:213,2
DA:215,5
DA:217,1
DA:218,1
DA:220,1
DA:222,0
DA:224,2
DA:227,0
DA:230,1
DA:231,1
DA:236,1
DA:237,3
DA:239,2
DA:241,2
DA:248,1
DA:254,0
DA:255,0
DA:256,0
DA:257,0
DA:262,2
DA:268,1
DA:269,1
DA:270,1
DA:271,1
DA:272,1
DA:273,1
DA:274,1
DA:275,3
DA:278,1
LF:140
LH:121
end_of_record
SF:./lib/src/store/mem_cache_store.dart
DA:14,1
DA:17,1
DA:19,0
DA:24,0
DA:26,0
DA:27,0
DA:28,0
DA:29,0
DA:33,0
DA:37,0
DA:39,0
DA:42,1
DA:44,3
DA:45,0
DA:46,2
DA:50,0
DA:51,0
DA:54,2
DA:56,1
DA:59,1
DA:61,4
DA:65,1
DA:66,2
DA:67,0
DA:70,1
DA:72,0
DA:73,0
DA:74,0
DA:78,1
DA:82,0
DA:83,0
DA:84,0
DA:87,1
DA:89,3
DA:90,3
DA:92,1
DA:106,1
DA:107,1
DA:108,3
DA:109,4
DA:112,1
DA:113,2
DA:116,1
DA:117,1
DA:120,1
DA:121,1
DA:123,2
DA:125,1
DA:127,2
DA:128,3
DA:129,1
DA:131,3
DA:132,0
DA:133,0
DA:137,1
DA:138,2
DA:141,3
DA:142,2
DA:144,2
DA:145,2
DA:146,1
DA:148,2
DA:149,2
DA:150,1
DA:153,1
DA:156,1
DA:157,2
DA:159,2
DA:160,0
DA:163,1
DA:164,0
DA:166,1
DA:167,0
DA:170,1
DA:171,2
DA:172,1
DA:173,1
DA:174,1
DA:177,1
DA:178,2
DA:179,2
DA:181,1
DA:197,1
LF:83
LH:59
end_of_record
SF:./lib/src/store/backup_cache_store.dart
DA:25,0
DA:26,0
DA:27,0
DA:30,0
DA:34,0
DA:38,0
DA:45,0
DA:46,0
DA:47,0
DA:51,0
DA:52,0
DA:56,0
DA:57,0
DA:60,0
DA:64,0
DA:65,0
DA:66,0
DA:69,0
DA:71,0
LF:19
LH:0
end_of_record
SF:./lib/src/content_serialization.dart
DA:5,0
DA:7,0
DA:9,0
DA:10,0
DA:11,0
DA:12,0
DA:13,0
DA:14,0
DA:16,0
DA:20,0
DA:22,0
DA:24,0
DA:25,0
DA:26,0
DA:27,0
DA:28,0
DA:29,0
DA:31,0
LF:18
LH:0
end_of_record
